[Scout Daemon] Starting automated article scout...
[Scout Daemon] Schedule: Runs every 6 hours (8am, 2pm, 8pm)
[Scout Daemon] Min articles/day: 2
[Scout Daemon] Max articles/day: 5
[Scout Daemon] Press Ctrl+C to stop

═══════════════════════════════════════════════
  EPL News Hub - Article Scout
  1/31/2026, 4:10:15 PM
═══════════════════════════════════════════════

[Scout] Will generate 1 article(s) (5 remaining today)

[Scout] Gathering news from sources...
[Scout] Found 532 unique news items
[Scout] Selecting best topics via AI...
[Scout] Selected 1 topic(s):

  1. [News] Pep Guardiola Set to Leave Manchester City: What's Next for the Premier League Champions?

[Scout] Generating article: Pep Guardiola Set to Leave Manchester City: What's Next for the Premier League Champions?...
[Scout] Created: articles/pep-guardiola-set-to-leave-manchester-city-whats-next-for-th-2026-01-31.html
[Scout] Cascading headlines on homepage...
[Scout] Headlines cascaded successfully
[Scout] Updated articles.json
[Scout] Updated data/articles.js
[Scout] Updated sitemap.xml
[Scout] ✓ Published: Pep Guardiola Set to Leave Manchester City: What's Next for the Premier League Champions?

[Scout] Run complete!
[Scout Daemon] Starting automated article scout...
[Scout Daemon] Schedule: Runs every 6 hours (8am, 2pm, 8pm)
[Scout Daemon] Min articles/day: 2
[Scout Daemon] Max articles/day: 5
[Scout Daemon] Press Ctrl+C to stop

═══════════════════════════════════════════════
  EPL News Hub - Article Scout
  1/31/2026, 4:15:31 PM
═══════════════════════════════════════════════

[Scout] Will generate 1 article(s) (4 remaining today)

[Scout] Gathering news from sources...
[Scout] Found 532 unique news items
[Scout] Selecting best topics via AI...
[Scout] Selected 1 topic(s):

  1. [News] Pep Guardiola Exodus: How the Manchester City Boss's Potential Departure Could Reshape the Premier League

[Scout] Generating article: Pep Guardiola Exodus: How the Manchester City Boss's Potential Departure Could Reshape the Premier League...
