0 verbose cli /usr/bin/node /usr/bin/npm
1 info using npm@9.2.0
2 info using node@v18.19.0
3 timing npm:load:whichnode Completed in 0ms
4 timing config:load:defaults Completed in 3ms
5 timing config:load:file:/usr/share/nodejs/npm/npmrc Completed in 13ms
6 timing config:load:builtin Completed in 13ms
7 timing config:load:cli Completed in 13ms
8 timing config:load:env Completed in 1ms
9 timing config:load:project Completed in 1ms
10 timing config:load:file:/home/reidwcoleman/.npmrc Completed in 0ms
11 timing config:load:user Completed in 0ms
12 timing config:load:file:/etc/npmrc Completed in 0ms
13 timing config:load:global Completed in 1ms
14 timing config:load:setEnvs Completed in 9ms
15 timing config:load Completed in 44ms
16 timing npm:load:configload Completed in 44ms
17 timing npm:load:mkdirpcache Completed in 0ms
18 timing npm:load:mkdirplogs Completed in 1ms
19 verbose title npm config get prefix
20 verbose argv "--global" "config" "get" "prefix"
21 timing npm:load:setTitle Completed in 3ms
22 timing config:load:flatten Completed in 24ms
23 timing npm:load:display Completed in 30ms
24 verbose logfile logs-max:10 dir:/home/reidwcoleman/.npm/_logs/2025-08-16T20_09_10_489Z-
25 verbose logfile /home/reidwcoleman/.npm/_logs/2025-08-16T20_09_10_489Z-debug-0.log
26 timing npm:load:logFile Completed in 13ms
27 timing npm:load:timers Completed in 1ms
28 timing npm:load:configScope Completed in 0ms
29 timing npm:load Completed in 94ms
30 timing command:config Completed in 4ms
31 verbose exit 0
32 timing npm Completed in 123ms
33 info ok
